<?xml version="1.0" encoding="UTF-8"?>
<testng-results ignored="0" total="1" passed="1" failed="0" skipped="0">
  <reporter-output>
  </reporter-output>
  <suite started-at="2021-01-27T17:02:34 WIB" name="Default suite" finished-at="2021-01-27T17:02:36 WIB" duration-ms="2607">
    <groups>
    </groups>
    <test started-at="2021-01-27T17:02:34 WIB" name="Default test" finished-at="2021-01-27T17:02:36 WIB" duration-ms="2607">
      <class name="postRequest.PostData">
        <test-method signature="requestData()[pri:0, instance:postRequest.PostData@7b227d8d]" started-at="2021-01-27T17:02:34 WIB" name="requestData" finished-at="2021-01-27T17:02:36 WIB" duration-ms="2583" status="PASS">
          <reporter-output>
          </reporter-output>
        </test-method> <!-- requestData -->
      </class> <!-- postRequest.PostData -->
    </test> <!-- Default test -->
  </suite> <!-- Default suite -->
</testng-results>
